# JRE version: OpenJDK Runtime Environment (21.0.8) (build 21.0.8+-14196175-b1038.72)
# Java VM: OpenJDK 64-Bit Server VM (21.0.8+-14196175-b1038.72, mixed mode, tiered, compressed oops, compressed class ptrs, g1 gc, windows-amd64)
GC Precious Log:
 CardTable entry size: 512
 Card Set container configuration: InlinePtr #cards 4 size 8 Array Of Cards #cards 16 size 48 Howl #buckets 8 coarsen threshold 3686 Howl Bitmap #cards 512 size 80 coarsen threshold 460 Card regions per heap region 1 cards per card region 4096
 CPUs: 16 total, 16 available
 Memory: 16107M
 Large Page Support: Disabled
 NUMA Support: Disabled
 Compressed Oops: Enabled (Zero based)
 Heap Region Size: 2M
 Heap Min Capacity: 8M
 Heap Initial Capacity: 252M
 Heap Max Capacity: 4G
 Pre-touch: Disabled
 Parallel Workers: 13
 Concurrent Workers: 3
 Concurrent Refinement Workers: 13
 Periodic GC: Disabled
Heap:
 garbage-first heap   total 378880K, used 321351K [0x0000000700000000, 0x0000000800000000)
  region size 2048K, 57 young (116736K), 4 survivors (8192K)
 Metaspace       used 212368K, committed 215232K, reserved 622592K
  class space    used 27514K, committed 28864K, reserved 425984K
GC Heap History (20 events):
Event: 23.349 GC heap before
{Heap before GC invocations=49 (full 0):
 garbage-first heap   total 305152K, used 274134K [0x0000000700000000, 0x0000000800000000)
  region size 2048K, 44 young (90112K), 6 survivors (12288K)
 Metaspace       used 186795K, committed 189504K, reserved 622592K
  class space    used 24340K, committed 25664K, reserved 425984K
}
Event: 23.356 GC heap after
{Heap after GC invocations=50 (full 0):
 garbage-first heap   total 305152K, used 201802K [0x0000000700000000, 0x0000000800000000)
  region size 2048K, 3 young (6144K), 3 survivors (6144K)
 Metaspace       used 186795K, committed 189504K, reserved 622592K
  class space    used 24340K, committed 25664K, reserved 425984K
}
Event: 24.163 GC heap before
{Heap before GC invocations=51 (full 0):
 garbage-first heap   total 337920K, used 279626K [0x0000000700000000, 0x0000000800000000)
  region size 2048K, 41 young (83968K), 3 survivors (6144K)
 Metaspace       used 191547K, committed 194176K, reserved 622592K
  class space    used 24991K, committed 26240K, reserved 425984K
}
Event: 24.169 GC heap after
{Heap after GC invocations=52 (full 0):
 garbage-first heap   total 337920K, used 206051K [0x0000000700000000, 0x0000000800000000)
  region size 2048K, 5 young (10240K), 5 survivors (10240K)
 Metaspace       used 191547K, committed 194176K, reserved 622592K
  class space    used 24991K, committed 26240K, reserved 425984K
}
Event: 26.960 GC heap before
{Heap before GC invocations=52 (full 0):
 garbage-first heap   total 337920K, used 306403K [0x0000000700000000, 0x0000000800000000)
  region size 2048K, 55 young (112640K), 5 survivors (10240K)
 Metaspace       used 199465K, committed 202240K, reserved 622592K
  class space    used 25820K, committed 27200K, reserved 425984K
}
Event: 26.968 GC heap after
{Heap after GC invocations=53 (full 0):
 garbage-first heap   total 337920K, used 203418K [0x0000000700000000, 0x0000000800000000)
  region size 2048K, 6 young (12288K), 6 survivors (12288K)
 Metaspace       used 199465K, committed 202240K, reserved 622592K
  class space    used 25820K, committed 27200K, reserved 425984K
}
Event: 27.655 GC heap before
{Heap before GC invocations=53 (full 0):
 garbage-first heap   total 337920K, used 305818K [0x0000000700000000, 0x0000000800000000)
  region size 2048K, 56 young (114688K), 6 survivors (12288K)
 Metaspace       used 199935K, committed 202752K, reserved 622592K
  class space    used 25844K, committed 27200K, reserved 425984K
}
Event: 27.664 GC heap after
{Heap after GC invocations=54 (full 0):
 garbage-first heap   total 337920K, used 212097K [0x0000000700000000, 0x0000000800000000)
  region size 2048K, 7 young (14336K), 7 survivors (14336K)
 Metaspace       used 199935K, committed 202752K, reserved 622592K
  class space    used 25844K, committed 27200K, reserved 425984K
}
Event: 1438.861 GC heap before
{Heap before GC invocations=55 (full 0):
 garbage-first heap   total 356352K, used 302209K [0x0000000700000000, 0x0000000800000000)
  region size 2048K, 51 young (104448K), 7 survivors (14336K)
 Metaspace       used 200563K, committed 203328K, reserved 622592K
  class space    used 25891K, committed 27264K, reserved 425984K
}
Event: 1439.455 GC heap after
{Heap after GC invocations=56 (full 0):
 garbage-first heap   total 356352K, used 217589K [0x0000000700000000, 0x0000000800000000)
  region size 2048K, 4 young (8192K), 4 survivors (8192K)
 Metaspace       used 200563K, committed 203328K, reserved 622592K
  class space    used 25891K, committed 27264K, reserved 425984K
}
Event: 1456.910 GC heap before
{Heap before GC invocations=56 (full 0):
 garbage-first heap   total 356352K, used 326133K [0x0000000700000000, 0x0000000800000000)
  region size 2048K, 57 young (116736K), 4 survivors (8192K)
 Metaspace       used 202949K, committed 205824K, reserved 622592K
  class space    used 26231K, committed 27648K, reserved 425984K
}
Event: 1456.929 GC heap after
{Heap after GC invocations=57 (full 0):
 garbage-first heap   total 356352K, used 225877K [0x0000000700000000, 0x0000000800000000)
  region size 2048K, 8 young (16384K), 8 survivors (16384K)
 Metaspace       used 202949K, committed 205824K, reserved 622592K
  class space    used 26231K, committed 27648K, reserved 425984K
}
Event: 1459.235 GC heap before
{Heap before GC invocations=57 (full 0):
 garbage-first heap   total 356352K, used 318037K [0x0000000700000000, 0x0000000800000000)
  region size 2048K, 53 young (108544K), 8 survivors (16384K)
 Metaspace       used 207759K, committed 210688K, reserved 622592K
  class space    used 26914K, committed 28352K, reserved 425984K
}
Event: 1459.275 GC heap after
{Heap after GC invocations=58 (full 0):
 garbage-first heap   total 356352K, used 219500K [0x0000000700000000, 0x0000000800000000)
  region size 2048K, 6 young (12288K), 6 survivors (12288K)
 Metaspace       used 207759K, committed 210688K, reserved 622592K
  class space    used 26914K, committed 28352K, reserved 425984K
}
Event: 1459.452 GC heap before
{Heap before GC invocations=58 (full 0):
 garbage-first heap   total 356352K, used 248172K [0x0000000700000000, 0x0000000800000000)
  region size 2048K, 20 young (40960K), 6 survivors (12288K)
 Metaspace       used 207838K, committed 210752K, reserved 622592K
  class space    used 26920K, committed 28352K, reserved 425984K
}
Event: 1459.464 GC heap after
{Heap after GC invocations=59 (full 0):
 garbage-first heap   total 356352K, used 224489K [0x0000000700000000, 0x0000000800000000)
  region size 2048K, 3 young (6144K), 3 survivors (6144K)
 Metaspace       used 207838K, committed 210752K, reserved 622592K
  class space    used 26920K, committed 28352K, reserved 425984K
}
Event: 1460.525 GC heap before
{Heap before GC invocations=60 (full 0):
 garbage-first heap   total 378880K, used 318697K [0x0000000700000000, 0x0000000800000000)
  region size 2048K, 49 young (100352K), 3 survivors (6144K)
 Metaspace       used 208956K, committed 211840K, reserved 622592K
  class space    used 27081K, committed 28480K, reserved 425984K
}
Event: 1460.540 GC heap after
{Heap after GC invocations=61 (full 0):
 garbage-first heap   total 378880K, used 235877K [0x0000000700000000, 0x0000000800000000)
  region size 2048K, 7 young (14336K), 7 survivors (14336K)
 Metaspace       used 208956K, committed 211840K, reserved 622592K
  class space    used 27081K, committed 28480K, reserved 425984K
}
Event: 1461.476 GC heap before
{Heap before GC invocations=61 (full 0):
 garbage-first heap   total 378880K, used 336229K [0x0000000700000000, 0x0000000800000000)
  region size 2048K, 57 young (116736K), 7 survivors (14336K)
 Metaspace       used 209427K, committed 212352K, reserved 622592K
  class space    used 27167K, committed 28544K, reserved 425984K
}
Event: 1461.511 GC heap after
{Heap after GC invocations=62 (full 0):
 garbage-first heap   total 378880K, used 216903K [0x0000000700000000, 0x0000000800000000)
  region size 2048K, 4 young (8192K), 4 survivors (8192K)
 Metaspace       used 209427K, committed 212352K, reserved 622592K
  class space    used 27167K, committed 28544K, reserved 425984K
}

