# JRE version: OpenJDK Runtime Environment (21.0.8) (build 21.0.8+-14196175-b1038.72)
# Java VM: OpenJDK 64-Bit Server VM (21.0.8+-14196175-b1038.72, mixed mode, tiered, compressed oops, compressed class ptrs, g1 gc, windows-amd64)
GC Precious Log:
 CardTable entry size: 512
 Card Set container configuration: InlinePtr #cards 4 size 8 Array Of Cards #cards 16 size 48 Howl #buckets 8 coarsen threshold 3686 Howl Bitmap #cards 512 size 80 coarsen threshold 460 Card regions per heap region 1 cards per card region 4096
 CPUs: 16 total, 16 available
 Memory: 16107M
 Large Page Support: Disabled
 NUMA Support: Disabled
 Compressed Oops: Enabled (Zero based)
 Heap Region Size: 2M
 Heap Min Capacity: 8M
 Heap Initial Capacity: 252M
 Heap Max Capacity: 4G
 Pre-touch: Disabled
 Parallel Workers: 13
 Concurrent Workers: 3
 Concurrent Refinement Workers: 13
 Periodic GC: Disabled
Heap:
 garbage-first heap   total 86016K, used 44387K [0x0000000700000000, 0x0000000800000000)
  region size 2048K, 12 young (24576K), 2 survivors (4096K)
 Metaspace       used 38033K, committed 38912K, reserved 491520K
  class space    used 5350K, committed 5760K, reserved 425984K
GC Heap History (12 events):
Event: 0.641 GC heap before
{Heap before GC invocations=0 (full 0):
 garbage-first heap   total 258048K, used 22528K [0x0000000700000000, 0x0000000800000000)
  region size 2048K, 11 young (22528K), 0 survivors (0K)
 Metaspace       used 7577K, committed 7744K, reserved 491520K
  class space    used 701K, committed 768K, reserved 425984K
}
Event: 0.644 GC heap after
{Heap after GC invocations=1 (full 0):
 garbage-first heap   total 258048K, used 1525K [0x0000000700000000, 0x0000000800000000)
  region size 2048K, 1 young (2048K), 1 survivors (2048K)
 Metaspace       used 7577K, committed 7744K, reserved 491520K
  class space    used 701K, committed 768K, reserved 425984K
}
Event: 1.605 GC heap before
{Heap before GC invocations=1 (full 0):
 garbage-first heap   total 258048K, used 52725K [0x0000000700000000, 0x0000000800000000)
  region size 2048K, 24 young (49152K), 1 survivors (2048K)
 Metaspace       used 12423K, committed 12672K, reserved 491520K
  class space    used 1349K, committed 1472K, reserved 425984K
}
Event: 1.614 GC heap after
{Heap after GC invocations=2 (full 0):
 garbage-first heap   total 258048K, used 11961K [0x0000000700000000, 0x0000000800000000)
  region size 2048K, 3 young (6144K), 3 survivors (6144K)
 Metaspace       used 12423K, committed 12672K, reserved 491520K
  class space    used 1349K, committed 1472K, reserved 425984K
}
Event: 3.298 GC heap before
{Heap before GC invocations=2 (full 0):
 garbage-first heap   total 258048K, used 73401K [0x0000000700000000, 0x0000000800000000)
  region size 2048K, 35 young (71680K), 3 survivors (6144K)
 Metaspace       used 21197K, committed 21504K, reserved 491520K
  class space    used 2517K, committed 2624K, reserved 425984K
}
Event: 3.310 GC heap after
{Heap after GC invocations=3 (full 0):
 garbage-first heap   total 258048K, used 19893K [0x0000000700000000, 0x0000000800000000)
  region size 2048K, 6 young (12288K), 6 survivors (12288K)
 Metaspace       used 21197K, committed 21504K, reserved 491520K
  class space    used 2517K, committed 2624K, reserved 425984K
}
Event: 4.501 GC heap before
{Heap before GC invocations=4 (full 0):
 garbage-first heap   total 69632K, used 69045K [0x0000000700000000, 0x0000000800000000)
  region size 2048K, 30 young (61440K), 6 survivors (12288K)
 Metaspace       used 28965K, committed 29504K, reserved 491520K
  class space    used 3785K, committed 4032K, reserved 425984K
}
Event: 4.508 GC heap after
{Heap after GC invocations=5 (full 0):
 garbage-first heap   total 86016K, used 23071K [0x0000000700000000, 0x0000000800000000)
  region size 2048K, 5 young (10240K), 5 survivors (10240K)
 Metaspace       used 28965K, committed 29504K, reserved 491520K
  class space    used 3785K, committed 4032K, reserved 425984K
}
Event: 5.426 GC heap before
{Heap before GC invocations=5 (full 0):
 garbage-first heap   total 86016K, used 61983K [0x0000000700000000, 0x0000000800000000)
  region size 2048K, 25 young (51200K), 5 survivors (10240K)
 Metaspace       used 34185K, committed 34944K, reserved 491520K
  class space    used 4709K, committed 5056K, reserved 425984K
}
Event: 5.432 GC heap after
{Heap after GC invocations=6 (full 0):
 garbage-first heap   total 86016K, used 25960K [0x0000000700000000, 0x0000000800000000)
  region size 2048K, 3 young (6144K), 3 survivors (6144K)
 Metaspace       used 34185K, committed 34944K, reserved 491520K
  class space    used 4709K, committed 5056K, reserved 425984K
}
Event: 5.819 GC heap before
{Heap before GC invocations=6 (full 0):
 garbage-first heap   total 86016K, used 30056K [0x0000000700000000, 0x0000000800000000)
  region size 2048K, 6 young (12288K), 3 survivors (6144K)
 Metaspace       used 35206K, committed 35968K, reserved 491520K
  class space    used 4866K, committed 5248K, reserved 425984K
}
Event: 5.830 GC heap after
{Heap after GC invocations=7 (full 0):
 garbage-first heap   total 86016K, used 25955K [0x0000000700000000, 0x0000000800000000)
  region size 2048K, 2 young (4096K), 2 survivors (4096K)
 Metaspace       used 35206K, committed 35968K, reserved 491520K
  class space    used 4866K, committed 5248K, reserved 425984K
}

